0.0 0.0 0.0
0.12 0.03 0.18
0.2395809036860295 0.05985928297342548 0.3580770332935663
0.35874563330823395 0.0895783853869847 0.5342511399666942
0.47749708062362534 0.11915783080817091 0.7085419393708405
0.5958381073192298 0.14859813023971288 0.8809686410505513
0.7137715454279153 0.17789978244296598 1.0515500553087362
0.8313001977370518 0.20706327425068527 1.2203046034238116
0.9484268381901505 0.2360890808696021 1.3872503275322805
1.065154212281628 0.2649776661732056 1.5524049001897064
1.1814850374448342 0.2937294829851128 1.715785633622451
1.2974220034334847 0.3223449733533932 1.8774094886819914
1.412967772696627 0.35082456881619717 2.03729308351311
1.5281249807472772 0.3791686906590225 2.1954527019467447
1.6428962365248503 0.4073777501639373 2.3519043016278225
1.7572841227515126 0.4354521488510649 2.5066635218879347
1.8712911962825758 0.4633922787126218 2.6597456913723008
1.9849199884510536 0.49119852243978723 2.8111658354300437
2.0981730054064958 0.5188712536426718 2.960938683276426
2.211052728448215 0.5464108370636397 3.109078674935321
2.3235616143530167 0.5738176287842285 3.2555999679698386
2.4357020956975393 0.6010919764259017 3.400516444008704
2.5474765811753133 0.6282342193448567 3.5438417150756587
2.6588874559086415 0.6552446888211029 3.6855891297288497
2.7699370817554003 0.6821237082420172 3.825771779016899
2.880627797610864 0.7088715932805714 3.96440250225805
2.990961919704646 0.7354886520684226 4.1014938926485405
3.100941741892853 0.7619751853640473 4.237058302706096
3.210569535945544 0.788331486716092 4.371107849554203
3.319847551829583 0.8145578426221093 4.503654420052583
3.4287780179869802 0.840654532682837 4.634709675779088
3.5373631416087954 0.8666218297521765 4.764285057868015
3.6456051089047015 0.8924600000830161 4.892391791709654
3.753506085368284 0.9181693034690421 5.0190408915156715
3.8610682160381535 0.9437499933826737 5.144243164754788
3.9682936257549613 0.9692023171092525 5.268009216462993
4.0751844194143825 0.9945265158776122 5.3903494534324095
4.181742682216151 1.0197228249871502 5.511274088282742
4.287970479909218 1.044791473931517 5.630793143419101
4.393869859033104 1.0697326865190346 5.74891645487985
4.499442847155516 1.0945466809899533 5.865653676077977
4.604691453106303 1.1192336701306487 5.981014281439375
4.709617667207809 1.1437938613848595 6.09500756994127
4.814223461501701 1.1682274569620628 6.207642668553928
4.918510789972326 1.1925346539430772 6.31892853558865
5.022481588766665 1.2167156443829859 6.4288739639549615
5.126137776410948 1.2407706154114615 6.537487584329771
5.22948125402399 1.2646997493305805 6.644777868241211
5.3325139055273025 1.288503223710201 6.750753131069734
5.435237597852045 1.312181211480986 6.8554215349689755
5.537654181142871 1.3357338810251433 6.958791091708778
5.639765488958723 1.359161396264953 7.060869665442712
5.741573338470634 1.3824639167491535 7.161664975402321
5.843079530656582 1.4056415977372523 7.261184598520253
5.944285850493468 1.428694590281823 7.359435971984361
6.04519406714624 1.4516230413088549 7.456426395724776
6.1458059341542395 1.474427093696209 7.552163034835899
6.2461231896148055 1.4971068863502457 7.646652921935167
6.3461475563641905 1.5196625542806723 7.739902959460416
6.445880742155832 1.54209422867367 7.831919921907562
6.545324439836025 1.5644020369633485 7.922710458010301
6.644480327517049 1.5865861029015802 8.012281092863436
6.743350068747775 1.6086465466262638 8.100638229991407
6.841935312681827 1.6305834847280616 8.187788153363536
6.940237694243307 1.6523970303156563 8.273737029357447
7.038258834290144 1.674087293079575 8.358490908672072
7.13600033977511 1.695654379354616 8.44205572819162
7.233463803904531 1.7170983921809269 8.52443731280181
7.3306508062947415 1.7384194313637686 8.605641377159651
7.4275629131263186 1.7596175935320055 8.68567352741801
7.524201677296133 1.7806929721953586 8.764539262906133
7.62056863856725 1.8016456578004592 8.842243977767305
7.71666532371673 1.8224757377857357 8.918792962554718
7.81249324668134 1.8431832966351689 8.994191405786669
7.908053908701245 1.863768415930948 9.06844439546209
8.003348798461674 1.8842311744050595 9.141556920537436
8.098379392232632 1.9045716479898387 9.213533872365911
8.193147154006658 1.924789909867515 9.284380046099933
8.28765353563469 1.944886030518779 9.354100142057803
8.381899976960042 1.964860077770399 9.42269876705541
8.47588790595055 1.984712116841916 9.490180435703863
8.569618738828893 2.0044422103914403 9.556549571673836
8.663093880201137 2.024050418560579 9.621810508927453
8.756314723183518 2.0435367990185163 9.685967492918474
8.849282649527511 2.0629014070052714 9.74902468176151
8.941999029743187 2.0821442953741593 9.81098614737103
9.034465223220906 2.1012655146334733 9.871855876570814
9.126682578351371 2.1202651129874144 9.931637772174552
9.218652432644062 2.1391431363762887 9.990335654038242
9.31037611284407 2.1578996285159917 10.047953260085015
9.401854935047385 2.1765346309368017 10.104494247302993
9.49309020481463 2.1950481830215 10.159962192716788
9.58408321728328 2.2134403220428385 10.214360594333202
9.674835257278405 2.231711083200373 10.267692872061685
9.765347599421917 2.249860499656679 10.319962368610094
9.855621508240407 2.267888602572969 10.37117235035626
9.945658238271536 2.2857954211441265 10.421326008195875
10.035459034169033 2.303580982633176 10.470426458367191
10.125025130806327 2.3212453124052024 10.518476743252974
10.214357753378806 2.338788433960736 10.565479832160193
10.303458117504759 2.35621036896862 10.611438622077884
10.392327429324991 2.373511137298374 10.656355938413583
10.480966885601157 2.390690757052067 10.700234535708777
10.569377673812816 2.407749244595716 10.743077098333744
10.657560972253235 2.424686614590223 10.78488624116218
10.745517950123954 2.4415028800218637 10.82566451022597
10.833249767628152 2.45819805223234 10.865414383350465
10.920757576062796 2.4747721409484114 10.904138270770632
11.00804251790963 2.491225154311114 10.941838515728366
11.095105726924993 2.507557098904585 10.978517395051325
11.181948328228506 2.523767979784494 11.01417711971359
11.268571438390621 2.539857800506108 11.048819835378435
11.354976165519076 2.5558265631519856 11.082447622923501
11.441163609344253 2.57167426835932 11.115062498948678
11.527134861303463 2.5874009153469406 11.146666416266914
11.612891004624169 2.603006501941983 11.177261264378256
11.698433114406177 2.618491024606235 11.206848869927343
11.783762257702792 2.6338544784621725 11.235430997144606
11.868879493600964 2.6490968573186917 11.263009348271384
11.953785873300443 2.66421815369655 11.289585563969204
12.038482440191949 2.679218358853521 11.315161223713414
12.122970229934372 2.694097462809277 11.339737846171376
12.20725027053103 2.7088554543700036 11.36331688956543
12.29132358240498 2.7234923211527606 11.385899752020789
12.375191178473406 2.738008049609588 11.40748777189856
12.458854064221102 2.7524026250513787 11.428082228114057
12.542313237773048 2.766676031671512 11.447684340440565
12.625569689966111 2.780828252569267 11.466295269798715
12.70862440441987 2.794859269773017 11.483916118531607
12.791478357606582 2.8087690642632164 11.500547930665826
12.874132518920304 2.8225576159951817 11.516191692158493
12.956587850745176 2.836224903921683 11.530848331130445
13.038845308522896 2.849770906015344 11.544518718085692
13.120905840819361 2.8631955992908638 11.557203666117259
13.202770389390535 2.876498959827062 11.568903931099483
13.284439889247514 2.889680962788761 11.579620211866908
13.365915268720816 2.9027415824485034 11.589353150379837
13.447197449523918 2.9156807922081196 11.598103331876626
13.528287346816025 2.928498564620143 11.605871285012812
13.60918586926411 2.941194871409088 11.612657481987132
13.689893919104202 2.9537696834925895 11.618462338654494
13.770412392201978 2.9662229710024164 11.623286214625978
13.850742178112615 2.978554703305357 11.627129413355881
13.930884160139966 2.990764849023991 11.629992182215886
14.010839215395023 3.0028533760573466 11.631874712556376
14.090608214853713 3.0148202516014533 11.632777139754921
14.17019202341401 3.0266654421697923 11.632699543251974
14.249591499952393 3.038388913613652 11.631641946924267
14.328807497379637 3.049990631142379 11.629604383149575
14.407840862695977 3.061470559341015 11.626586940204604
14.486692437045619 3.0728286621862297 11.62258976224963
14.56536305577063 3.0840649030625387 11.6176130493004
14.643853548464216 3.0951792447788007 11.611657057187278
14.722164739023375 3.1061716495849914 11.604722097501687
14.800297445700961 3.117042079189248 11.596808537529851
14.878252481157151 3.1277904947751822 11.587916800173874
14.95603065251032 3.138416857019454 11.57804736386019
15.033632761387349 3.148921126109606 11.567200762435428
15.111059603973352 3.1593032617621493 11.555377585049744
15.188311971060857 3.1695632232408997 11.542578476027659
15.26539064809841 3.1797009693755576 11.528804134726492
15.342296415238653 3.1897164585805267 11.514055315382429
15.419030047385853 3.1996096488739676 11.498332826944306
15.495592314242895 3.2093804978970812 11.481637532895196
15.571983980357764 3.219028962933615 11.463970351061866
15.64820580516949 3.2285550009295894 11.445332253412213
15.724258543053596 3.2379585685132395 11.425724265840756
15.800142943367039 3.2472396220151625 11.405147467942294
15.875859750492648 3.2563981174886707 11.38360299277384
15.951409703883076 3.2654340107303415 11.36109202660493
16.026793538104265 3.27434725730076 11.337615808656434
16.102011982878434 3.2831378125454487 11.313175630827997
16.177065763126592 3.2918056316159783 11.28777283741421
16.251955599010596 3.300350669491254 11.261408824809674
16.326682205974738 3.308772880998971 11.234085041203082
16.401246294786873 3.317072220837236 11.205802986260453
16.47564857157912 3.3252486435963453 11.176564210797672
16.549889737888112 3.3333021037807153 11.146370316442491
16.62397049069479 3.3412325558309606 11.115222955286136
16.697891522463806 3.349039954146111 11.083123829524684
16.77165352118246 3.3567242531059636 11.050074691090382
16.845257170399254 3.3642854070935644 11.016077341273057
16.918703149262 3.3717233705178096 10.981133630331811
16.991992132555552 3.3790380978361645 10.945245457097156
17.065124790739095 3.3862295435774925 10.908414768563784
17.138101789983082 3.3932976623649864 10.870643559474143
17.210923792205737 3.400242408939198 10.831933871893018
17.283591455109192 3.407063738181158 10.792287794773287
17.35610543221524 3.413761605135581 10.75170746351307
17.4284663729007 3.420335965034148 10.710195059504436
17.50067492243242 3.426786773318863 10.667752809673898
17.572731722001897 3.433113985665473 10.62438298601487
17.644637408759547 3.439317558006945 10.580087905112311
17.716392615848612 3.445397446557002 10.534869927659733
17.787997972438703 3.4513536078336977 10.488731457968823
17.859454103759006 3.4571859986830376 10.441674943471849
17.930761631131134 3.4628945763026278 10.393702874217079
18.00192117200163 3.468479298265353 10.344817782357433
18.072933339974156 3.4739401225430773 10.295022241632571
18.14379874484132 3.4792770075303507 10.24431886684464
18.21451799261619 3.4844899120681334 10.192710313327897
18.28509168556349 3.4895787954675117 10.140199276412424
18.355520422230448 3.4945436175334135 10.08678849088217
18.42580479747736 3.4993843385883094 10.032480730427515
18.49594540250782 3.504100919495896 9.9772788070926
18.565942824898634 3.5086933216847536 9.921185570717642
18.635797648629453 3.513161507171971 9.864203908376446
18.705510454112083 3.5175054385867344 9.806336743809352
18.775081818219515 3.521725079193873 9.747587036851826
18.84451231431463 3.5258203929173475 9.687957782858932
18.913802512278657 3.5297913443636904 9.627452012125897
18.9829529785393 3.5336378988453747 9.566072789305002
19.051964276098605 3.5373600224041177 9.503823212819013
19.120836964560556 3.5409576818341075 9.44070641427138
19.18957160015836 3.5444308447051474 9.376725557853426
19.258168735781485 3.5477794793857105 9.311883839748736
19.326628921002428 3.551003555065902 9.246184487534988
19.3949527021032 3.5541030417803188 9.179630759583416
19.463140622101555 3.5570779104308046 9.112225944456155
19.531193220776967 3.5599281328090893 9.043973360301647
19.59911103469632 3.562653681619313 8.974876354248362
19.666894597239395 3.5652545305004235 8.904938301797017
19.73454443862404 3.567730654048443 8.834162606211521
19.802061085931157 3.5700820278386 8.762552697908854
19.86944506312938 3.5723086284473187 8.690112033848077
19.93669689109956 3.574410433474061 8.616844096918705
20.003817087659 3.5763874215630143 8.542752395328606
20.07080616758542 3.5782395724246223 8.467840461991683
20.13766464264073 3.5799668668569504 8.392111853915482
20.20439302159454 3.581569286766882 8.315570151588968
20.270991810247473 3.5830468151911385 8.238218958370638
20.337461511454208 3.5843994363171223 8.160061899877176
20.403802625146344 3.5856271355035707 8.081102623372837
20.470015648355016 3.586729899301022 8.001344797159744
20.536101075233294 3.5877077154720856 7.92079210996929
20.60205939707838 3.58856057301151 7.839448270354821
20.66789110235358 3.5892884621660484 7.757317006085779
20.73359667671006 3.5898913744541114 7.674402063543485
20.79917660300842 3.5903693026852075 7.590707207118739
20.86463136134002 3.5907222409791615 7.506236218611391
20.92996142904814 3.5909501847851124 7.4209928966320655
20.99516728074893 3.5910531309002796 7.334981056006204
21.06024938835213 3.591031077488499 7.248204527180569
21.12520822108164 3.5908840240985205 7.160667155632388
21.190044245495862 3.5906119716820664 7.072372801281278
21.25475792550787 3.590214922611643 6.983325337904107
21.319349722405367 3.5896928806981037 6.893528652552935
21.383820094870472 3.5890458512079593 6.802986644976187
21.448169498999324 3.588273840880432 6.711703227043187
21.51239838832148 3.5873768579442498 6.619682322172202
21.576507213819152 3.586354912134174 6.526927864762119
21.640496423946264 3.5852080147072636 6.433443799627897
21.70436646464731 3.583936178458865 6.339234081439903
21.768117779376063 3.582539417738331 6.244302674167277
21.831750809114087 3.581017748464462 6.1486535505254265
21.895265992389103 3.579371188140664 6.052290691427777
21.958663765293146 3.5775997558698283 5.95521808544189
22.021944561500604 3.575703472368922 5.85743972825005
22.085108812286048 3.5736823599832914 5.7589596221144355
22.148156946541913 3.571536442700672 5.659781775346972
22.21108939079603 3.5692657461649087 5.559910201783961
22.27390656922897 3.5668702976893747 5.459348920265584
22.336608903691253 3.5643501262700963 5.358101954120375
22.399196813720387 3.5617052625985743 5.256173330654741
22.461670716557755 3.558935739074304 5.153567080647623
22.524031027165346 3.5560415898169886 5.050287237850369
22.586278158242337 3.553022850678448 4.94633783849191
22.64841252024152 3.5498795592542187 4.841722920789296
22.710434521385594 3.546611754894841 4.7364465244636715
22.77234456768328 3.543219478716838 4.630512690261757
22.834143062945326 3.5397027736133797 4.523925459482898
22.895830408800343 3.5360616842646326 4.416688873511746
22.957407004710504 3.5322962571477934 4.308806973356615
23.018873247987113 3.5284065405468055 4.200283799193585
23.08022953380602 3.5243925845617596 4.091123389916386
23.1414762552229 3.5202544411179724 3.981329782692127
23.202613803188413 3.5159921639747473 3.8709070125228924
23.263642566563195 3.5116058087338153 3.759859111813267
23.324562932132757 3.5070954328474526 3.648190109943812
23.385375284622214 3.502461095626279 3.5359040328505325
23.44608000671091 3.497702858246733 3.4230049026103724
23.506677479046896 3.4928207837582237 3.3094967370327546
23.567168080261293 3.487814937089963 3.1953835492571994
23.62755218698252 3.482685385057472 3.080669347357042
23.687830173850397 3.4774321963687673 2.9653581339492696
23.74800241353013 3.4720554416302227 2.8494539058104897
23.80806927672617 3.466555193352109 2.732960653499054
23.86803113219594 3.460931525953814 2.6158823609833366
23.927888346763474 3.4551845157687353 2.4982230052761887
23.98764128533289 3.449314241048859 2.3799865560755626
24.04729031090179 3.443320781969011 2.26117697541132
24.106835784574507 3.4372042206307922 2.141798217298219
24.166278065575266 3.4309646410661934 2.0218542273950804
24.225617511261223 3.42460212924089 1.901348942670129
24.284854477135372 3.4181167730572217 1.7802862910725072
24.343989316859364 3.411508662356854 1.6586701912099455
24.403022382266208 3.4047778889231233 1.536504552032587
24.461954023372858 3.39792454648307 1.4137932725229483
24.5207845883927 3.390948730709157 1.2905402413920026
24.579514423747924 3.3838505392206755 1.1667493367813706
24.63814387408179 3.376630071584842 1.042424425971596
24.696673282270805 3.3692874293175867 0.9175693650964886
24.755102989436764 3.3618227158840317 0.7921879988635092
24.813433334958727 3.3542360366986665 0.6662841602801737
24.87166465648486 3.3465274991252194 0.5398616703864477
24.929797289944204 3.3386972124762244 0.41292433799310585
24.98783156955832 3.33074528801229 0.2854759594260228
25.045767827852853 3.3226718389410683 0.15752031827636703
25.103606395668983 3.3144769804159293 0.029061185156662672
25.161347602174796 3.3061608295343388 -0.09989768253731549
